0 info it worked if it ends with ok
1 verbose cli [ '/Users/victor/.nvm/versions/node/v7.6.0/bin/node',
1 verbose cli   '/Users/victor/.nvm/versions/node/v7.6.0/bin/npm',
1 verbose cli   'run',
1 verbose cli   'build:server' ]
2 info using npm@4.1.2
3 info using node@v7.6.0
4 verbose run-script [ 'prebuild:server', 'build:server', 'postbuild:server' ]
5 info lifecycle xxoo@1.0.0~prebuild:server: xxoo@1.0.0
6 silly lifecycle xxoo@1.0.0~prebuild:server: no script for prebuild:server, continuing
7 info lifecycle xxoo@1.0.0~build:server: xxoo@1.0.0
8 verbose lifecycle xxoo@1.0.0~build:server: unsafe-perm in lifecycle true
9 verbose lifecycle xxoo@1.0.0~build:server: PATH: /Users/victor/.nvm/versions/node/v7.6.0/lib/node_modules/npm/bin/node-gyp-bin:/Users/victor/workspace/xxoo/node_modules/.bin:/Users/victor/.nvm/versions/node/v7.6.0/bin:/usr/local/bin:/usr/bin:/bin:/usr/sbin:/sbin:/usr/local/mysql/bin:/Users/victor/workspace/phantomjs/bin:/usr/local/lib/node_modules/bower/bin/bower
10 verbose lifecycle xxoo@1.0.0~build:server: CWD: /Users/victor/workspace/xxoo
11 silly lifecycle xxoo@1.0.0~build:server: Args: [ '-c',
11 silly lifecycle   'cross-env NODE_ENV=production webpack --config build/webpack.server.config.js --progress --hide-modules' ]
12 silly lifecycle xxoo@1.0.0~build:server: Returned: code: 2  signal: null
13 info lifecycle xxoo@1.0.0~build:server: Failed to exec build:server script
14 verbose stack Error: xxoo@1.0.0 build:server: `cross-env NODE_ENV=production webpack --config build/webpack.server.config.js --progress --hide-modules`
14 verbose stack Exit status 2
14 verbose stack     at EventEmitter.<anonymous> (/Users/victor/.nvm/versions/node/v7.6.0/lib/node_modules/npm/lib/utils/lifecycle.js:279:16)
14 verbose stack     at emitTwo (events.js:106:13)
14 verbose stack     at EventEmitter.emit (events.js:192:7)
14 verbose stack     at ChildProcess.<anonymous> (/Users/victor/.nvm/versions/node/v7.6.0/lib/node_modules/npm/lib/utils/spawn.js:40:14)
14 verbose stack     at emitTwo (events.js:106:13)
14 verbose stack     at ChildProcess.emit (events.js:192:7)
14 verbose stack     at maybeClose (internal/child_process.js:890:16)
14 verbose stack     at Process.ChildProcess._handle.onexit (internal/child_process.js:226:5)
15 verbose pkgid xxoo@1.0.0
16 verbose cwd /Users/victor/workspace/xxoo
17 error Darwin 16.7.0
18 error argv "/Users/victor/.nvm/versions/node/v7.6.0/bin/node" "/Users/victor/.nvm/versions/node/v7.6.0/bin/npm" "run" "build:server"
19 error node v7.6.0
20 error npm  v4.1.2
21 error code ELIFECYCLE
22 error xxoo@1.0.0 build:server: `cross-env NODE_ENV=production webpack --config build/webpack.server.config.js --progress --hide-modules`
22 error Exit status 2
23 error Failed at the xxoo@1.0.0 build:server script 'cross-env NODE_ENV=production webpack --config build/webpack.server.config.js --progress --hide-modules'.
23 error Make sure you have the latest version of node.js and npm installed.
23 error If you do, this is most likely a problem with the xxoo package,
23 error not with npm itself.
23 error Tell the author that this fails on your system:
23 error     cross-env NODE_ENV=production webpack --config build/webpack.server.config.js --progress --hide-modules
23 error You can get information on how to open an issue for this project with:
23 error     npm bugs xxoo
23 error Or if that isn't available, you can get their info via:
23 error     npm owner ls xxoo
23 error There is likely additional logging output above.
24 verbose exit [ 1, true ]
